<?xml version="1.0" encoding="UTF-8"?>
<TEI xmlns="http://www.tei-c.org/ns/1.0" xml:id="test-vol">
    <teiHeader>
        <fileDesc>
            <titleStmt>
                <title>Test volume for FRUS Indexing Project</title>
            </titleStmt>
            <publicationStmt>
                <p/>
            </publicationStmt>
            <sourceDesc>
                <p/>
            </sourceDesc>
        </fileDesc>
    </teiHeader>
    <text>
        <body>
            <div xml:id="d11"/>
            <div xml:id="d22"/>
        </body>
    </text>
</TEI>
